Build started 18/04/2016 18:27:19.
     1>Project "C:\Users\Marc Samper\Desktop\Bo\CITM-Zork\CITM Zork\CITMZork.vcxproj" on node 2 (Build target(s)).
     1>ClCompile:
         C:\Program Files (x86)\Microsoft Visual Studio 12.0\VC\bin\CL.exe /c /ZI /nologo /W3 /WX- /sdl /Od /Oy- /D _MBCS /Gm /EHsc /RTC1 /MDd /GS /fp:precise /Zc:wchar_t /Zc:forScope /Fo"Debug\\" /Fd"Debug\vc120.pdb" /Gd /TP /analyze- /errorReport:prompt Player.cpp
         Player.cpp
     1>c:\users\marc samper\desktop\bo\citm-zork\citm zork\exits.h(27): warning C4114: same type qualifier used more than once
     1>c:\users\marc samper\desktop\bo\citm-zork\citm zork\player.cpp(29): warning C4018: '<' : signed/unsigned mismatch
       Link:
         C:\Program Files (x86)\Microsoft Visual Studio 12.0\VC\bin\link.exe /ERRORREPORT:PROMPT /OUT:"C:\Users\Marc Samper\Desktop\Bo\CITM-Zork\Debug\CITMZork.exe" /INCREMENTAL /NOLOGO kernel32.lib user32.lib gdi32.lib winspool.lib comdlg32.lib advapi32.lib shell32.lib ole32.lib oleaut32.lib uuid.lib odbc32.lib odbccp32.lib /MANIFEST /MANIFESTUAC:"level='asInvoker' uiAccess='false'" /manifest:embed /DEBUG /PDB:"C:\Users\Marc Samper\Desktop\Bo\CITM-Zork\Debug\CITMZork.pdb" /TLBID:1 /DYNAMICBASE /NXCOMPAT /IMPLIB:"C:\Users\Marc Samper\Desktop\Bo\CITM-Zork\Debug\CITMZork.lib" /MACHINE:X86 Debug\Entity.obj
         Debug\Exit.obj
         Debug\Item.obj
         Debug\Main.obj
         Debug\Player.obj
         Debug\Room.obj
         Debug\String.obj
         Debug\World.obj
         CITMZork.vcxproj -> C:\Users\Marc Samper\Desktop\Bo\CITM-Zork\Debug\CITMZork.exe
     1>Done Building Project "C:\Users\Marc Samper\Desktop\Bo\CITM-Zork\CITM Zork\CITMZork.vcxproj" (Build target(s)).

Build succeeded.

Time Elapsed 00:00:00.35
